c:\users\chris\source\repos\minic - copy\minic\grammar.tab.cpp
c:\users\chris\source\repos\minic - copy\minic\grammar.flex.cpp
c:\users\chris\source\repos\minic - copy\minic\x64\debug\vc143.pdb
c:\users\chris\source\repos\minic - copy\minic\x64\debug\vc143.idb
c:\users\chris\source\repos\minic - copy\minic\x64\debug\symboltable.obj
c:\users\chris\source\repos\minic - copy\minic\x64\debug\symbolnodes.obj
c:\users\chris\source\repos\minic - copy\minic\x64\debug\stnode.obj
c:\users\chris\source\repos\minic - copy\minic\x64\debug\main.obj
c:\users\chris\source\repos\minic - copy\minic\x64\debug\grammar.tab.obj
c:\users\chris\source\repos\minic - copy\minic\x64\debug\grammar.flex.obj
c:\users\chris\source\repos\minic - copy\minic\x64\debug\minic.ilk
c:\users\chris\source\repos\minic - copy\x64\debug\minic.exe
c:\users\chris\source\repos\minic - copy\x64\debug\minic.pdb
c:\users\chris\source\repos\minic - copy\minic\x64\debug\minic.write.1.tlog
c:\users\chris\source\repos\minic - copy\minic\x64\debug\minic.tlog\cl.command.1.tlog
c:\users\chris\source\repos\minic - copy\minic\x64\debug\minic.tlog\cl.read.1.tlog
c:\users\chris\source\repos\minic - copy\minic\x64\debug\minic.tlog\cl.write.1.tlog
c:\users\chris\source\repos\minic - copy\minic\x64\debug\minic.tlog\link.command.1.tlog
c:\users\chris\source\repos\minic - copy\minic\x64\debug\minic.tlog\link.read.1.tlog
c:\users\chris\source\repos\minic - copy\minic\x64\debug\minic.tlog\link.write.1.tlog
